<?xml version="1.0" encoding="UTF-8"?>
<testng-results ignored="0" total="1" passed="1" failed="0" skipped="0">
  <reporter-output>
  </reporter-output>
  <suite started-at="2022-02-07T11:09:56 NZDT" name="Default suite" finished-at="2022-02-07T11:11:23 NZDT" duration-ms="87306">
    <groups>
    </groups>
    <test started-at="2022-02-07T11:09:56 NZDT" name="Default test" finished-at="2022-02-07T11:11:23 NZDT" duration-ms="87306">
      <class name="buffalocartErp.BuffalocartUserSignupTest">
        <test-method is-config="true" signature="bm(java.lang.String)[pri:0, instance:buffalocartErp.BuffalocartUserSignupTest@759d26fb]" started-at="2022-02-07T11:09:56 NZDT" name="bm" finished-at="2022-02-07T11:10:10 NZDT" duration-ms="14160" status="PASS">
          <params>
            <param index="0">
              <value>
                <![CDATA[chrome]]>
              </value>
            </param>
          </params>
          <reporter-output>
          </reporter-output>
        </test-method> <!-- bm -->
        <test-method signature="logintest()[pri:0, instance:buffalocartErp.BuffalocartUserSignupTest@759d26fb]" started-at="2022-02-07T11:10:10 NZDT" name="logintest" finished-at="2022-02-07T11:11:23 NZDT" duration-ms="73000" status="PASS">
          <reporter-output>
          </reporter-output>
        </test-method> <!-- logintest -->
        <test-method is-config="true" signature="am()[pri:0, instance:buffalocartErp.BuffalocartUserSignupTest@759d26fb]" started-at="2022-02-07T11:11:23 NZDT" name="am" finished-at="2022-02-07T11:11:23 NZDT" duration-ms="1" status="PASS">
          <reporter-output>
          </reporter-output>
        </test-method> <!-- am -->
      </class> <!-- buffalocartErp.BuffalocartUserSignupTest -->
    </test> <!-- Default test -->
  </suite> <!-- Default suite -->
</testng-results>
